# JRE version: Java(TM) SE Runtime Environment (8.0_121-b13) (build 1.8.0_121-b13)
# Java VM: Java HotSpot(TM) 64-Bit Server VM (25.121-b13 mixed mode windows-amd64 compressed oops)
Heap:
 PSYoungGen      total 68608K, used 1817K [0x00000000d6e00000, 0x00000000db600000, 0x0000000100000000)
  eden space 63488K, 2% used [0x00000000d6e00000,0x00000000d6fc6530,0x00000000dac00000)
  from space 5120K, 0% used [0x00000000dac00000,0x00000000dac00000,0x00000000db100000)
  to   space 5120K, 0% used [0x00000000db100000,0x00000000db100000,0x00000000db600000)
 ParOldGen       total 50688K, used 9680K [0x0000000084a00000, 0x0000000087b80000, 0x00000000d6e00000)
  object space 50688K, 19% used [0x0000000084a00000,0x0000000085374198,0x0000000087b80000)
 Metaspace       used 29982K, capacity 31438K, committed 31744K, reserved 1079296K
  class space    used 4016K, capacity 4305K, committed 4352K, reserved 1048576K
GC Heap History (10 events):
Event: 3.989 GC heap before
{Heap before GC invocations=8 (full 1):
 PSYoungGen      total 68608K, used 68577K [0x00000000d6e00000, 0x00000000db600000, 0x0000000100000000)
  eden space 63488K, 100% used [0x00000000d6e00000,0x00000000dac00000,0x00000000dac00000)
  from space 5120K, 99% used [0x00000000db100000,0x00000000db5f87a8,0x00000000db600000)
  to   space 5120K, 0% used [0x00000000dac00000,0x00000000dac00000,0x00000000db100000)
 ParOldGen       total 50688K, used 9780K [0x0000000084a00000, 0x0000000087b80000, 0x00000000d6e00000)
  object space 50688K, 19% used [0x0000000084a00000,0x000000008538d3a8,0x0000000087b80000)
 Metaspace       used 27835K, capacity 29126K, committed 29440K, reserved 1075200K
  class space    used 3732K, capacity 4009K, committed 4096K, reserved 1048576K
Event: 4.007 GC heap after
Heap after GC invocations=8 (full 1):
 PSYoungGen      total 68608K, used 5092K [0x00000000d6e00000, 0x00000000db600000, 0x0000000100000000)
  eden space 63488K, 0% used [0x00000000d6e00000,0x00000000d6e00000,0x00000000dac00000)
  from space 5120K, 99% used [0x00000000dac00000,0x00000000db0f9040,0x00000000db100000)
  to   space 5120K, 0% used [0x00000000db100000,0x00000000db100000,0x00000000db600000)
 ParOldGen       total 50688K, used 12343K [0x0000000084a00000, 0x0000000087b80000, 0x00000000d6e00000)
  object space 50688K, 24% used [0x0000000084a00000,0x000000008560df20,0x0000000087b80000)
 Metaspace       used 27835K, capacity 29126K, committed 29440K, reserved 1075200K
  class space    used 3732K, capacity 4009K, committed 4096K, reserved 1048576K
}
Event: 4.444 GC heap before
{Heap before GC invocations=9 (full 1):
 PSYoungGen      total 68608K, used 65331K [0x00000000d6e00000, 0x00000000db600000, 0x0000000100000000)
  eden space 63488K, 94% used [0x00000000d6e00000,0x00000000da8d3f68,0x00000000dac00000)
  from space 5120K, 99% used [0x00000000dac00000,0x00000000db0f9040,0x00000000db100000)
  to   space 5120K, 0% used [0x00000000db100000,0x00000000db100000,0x00000000db600000)
 ParOldGen       total 50688K, used 12343K [0x0000000084a00000, 0x0000000087b80000, 0x00000000d6e00000)
  object space 50688K, 24% used [0x0000000084a00000,0x000000008560df20,0x0000000087b80000)
 Metaspace       used 29681K, capacity 31074K, committed 31232K, reserved 1077248K
  class space    used 3955K, capacity 4257K, committed 4352K, reserved 1048576K
Event: 4.459 GC heap after
Heap after GC invocations=9 (full 1):
 PSYoungGen      total 68608K, used 5105K [0x00000000d6e00000, 0x00000000db600000, 0x0000000100000000)
  eden space 63488K, 0% used [0x00000000d6e00000,0x00000000d6e00000,0x00000000dac00000)
  from space 5120K, 99% used [0x00000000db100000,0x00000000db5fc4c8,0x00000000db600000)
  to   space 5120K, 0% used [0x00000000dac00000,0x00000000dac00000,0x00000000db100000)
 ParOldGen       total 50688K, used 16042K [0x0000000084a00000, 0x0000000087b80000, 0x00000000d6e00000)
  object space 50688K, 31% used [0x0000000084a00000,0x00000000859aab38,0x0000000087b80000)
 Metaspace       used 29681K, capacity 31074K, committed 31232K, reserved 1077248K
  class space    used 3955K, capacity 4257K, committed 4352K, reserved 1048576K
}
Event: 4.459 GC heap before
{Heap before GC invocations=10 (full 2):
 PSYoungGen      total 68608K, used 5105K [0x00000000d6e00000, 0x00000000db600000, 0x0000000100000000)
  eden space 63488K, 0% used [0x00000000d6e00000,0x00000000d6e00000,0x00000000dac00000)
  from space 5120K, 99% used [0x00000000db100000,0x00000000db5fc4c8,0x00000000db600000)
  to   space 5120K, 0% used [0x00000000dac00000,0x00000000dac00000,0x00000000db100000)
 ParOldGen       total 50688K, used 16042K [0x0000000084a00000, 0x0000000087b80000, 0x00000000d6e00000)
  object space 50688K, 31% used [0x0000000084a00000,0x00000000859aab38,0x0000000087b80000)
 Metaspace       used 29681K, capacity 31074K, committed 31232K, reserved 1077248K
  class space    used 3955K, capacity 4257K, committed 4352K, reserved 1048576K
Event: 4.560 GC heap after
Heap after GC invocations=10 (full 2):
 PSYoungGen      total 68608K, used 0K [0x00000000d6e00000, 0x00000000db600000, 0x0000000100000000)
  eden space 63488K, 0% used [0x00000000d6e00000,0x00000000d6e00000,0x00000000dac00000)
  from space 5120K, 0% used [0x00000000db100000,0x00000000db100000,0x00000000db600000)
  to   space 5120K, 0% used [0x00000000dac00000,0x00000000dac00000,0x00000000db100000)
 ParOldGen       total 50688K, used 16022K [0x0000000084a00000, 0x0000000087b80000, 0x00000000d6e00000)
  object space 50688K, 31% used [0x0000000084a00000,0x00000000859a5820,0x0000000087b80000)
 Metaspace       used 29681K, capacity 31074K, committed 31232K, reserved 1077248K
  class space    used 3955K, capacity 4257K, committed 4352K, reserved 1048576K
}
Event: 4.634 GC heap before
{Heap before GC invocations=11 (full 2):
 PSYoungGen      total 68608K, used 10721K [0x00000000d6e00000, 0x00000000db600000, 0x0000000100000000)
  eden space 63488K, 16% used [0x00000000d6e00000,0x00000000d7878768,0x00000000dac00000)
  from space 5120K, 0% used [0x00000000db100000,0x00000000db100000,0x00000000db600000)
  to   space 5120K, 0% used [0x00000000dac00000,0x00000000dac00000,0x00000000db100000)
 ParOldGen       total 50688K, used 16022K [0x0000000084a00000, 0x0000000087b80000, 0x00000000d6e00000)
  object space 50688K, 31% used [0x0000000084a00000,0x00000000859a5820,0x0000000087b80000)
 Metaspace       used 29974K, capacity 31374K, committed 31488K, reserved 1081344K
  class space    used 4014K, capacity 4306K, committed 4352K, reserved 1048576K
Event: 4.635 GC heap after
Heap after GC invocations=11 (full 2):
 PSYoungGen      total 68608K, used 451K [0x00000000d6e00000, 0x00000000db600000, 0x0000000100000000)
  eden space 63488K, 0% used [0x00000000d6e00000,0x00000000d6e00000,0x00000000dac00000)
  from space 5120K, 8% used [0x00000000dac00000,0x00000000dac70eb8,0x00000000db100000)
  to   space 5120K, 0% used [0x00000000db100000,0x00000000db100000,0x00000000db600000)
 ParOldGen       total 50688K, used 16022K [0x0000000084a00000, 0x0000000087b80000, 0x00000000d6e00000)
  object space 50688K, 31% used [0x0000000084a00000,0x00000000859a5820,0x0000000087b80000)
 Metaspace       used 29974K, capacity 31374K, committed 31488K, reserved 1081344K
  class space    used 4014K, capacity 4306K, committed 4352K, reserved 1048576K
}
Event: 4.635 GC heap before
{Heap before GC invocations=12 (full 3):
 PSYoungGen      total 68608K, used 451K [0x00000000d6e00000, 0x00000000db600000, 0x0000000100000000)
  eden space 63488K, 0% used [0x00000000d6e00000,0x00000000d6e00000,0x00000000dac00000)
  from space 5120K, 8% used [0x00000000dac00000,0x00000000dac70eb8,0x00000000db100000)
  to   space 5120K, 0% used [0x00000000db100000,0x00000000db100000,0x00000000db600000)
 ParOldGen       total 50688K, used 16022K [0x0000000084a00000, 0x0000000087b80000, 0x00000000d6e00000)
  object space 50688K, 31% used [0x0000000084a00000,0x00000000859a5820,0x0000000087b80000)
 Metaspace       used 29974K, capacity 31374K, committed 31488K, reserved 1081344K
  class space    used 4014K, capacity 4306K, committed 4352K, reserved 1048576K
Event: 4.769 GC heap after
Heap after GC invocations=12 (full 3):
 PSYoungGen      total 68608K, used 0K [0x00000000d6e00000, 0x00000000db600000, 0x0000000100000000)
  eden space 63488K, 0% used [0x00000000d6e00000,0x00000000d6e00000,0x00000000dac00000)
  from space 5120K, 0% used [0x00000000dac00000,0x00000000dac00000,0x00000000db100000)
  to   space 5120K, 0% used [0x00000000db100000,0x00000000db100000,0x00000000db600000)
 ParOldGen       total 50688K, used 9680K [0x0000000084a00000, 0x0000000087b80000, 0x00000000d6e00000)
  object space 50688K, 19% used [0x0000000084a00000,0x0000000085374198,0x0000000087b80000)
 Metaspace       used 29972K, capacity 31368K, committed 31488K, reserved 1079296K
  class space    used 4014K, capacity 4304K, committed 4352K, reserved 1048576K
}

